[12.600s] DEBUG:colcon:Command line arguments: ['/usr/bin/colcon', 'build']
[12.601s] DEBUG:colcon:Parsed command line arguments: Namespace(log_base=None, log_level=None, verb_name='build', build_base='build', install_base='install', merge_install=False, symlink_install=False, test_result_base=None, continue_on_error=False, executor='parallel', parallel_workers=4, event_handlers=None, ignore_user_meta=False, metas=['./colcon.meta'], base_paths=['.'], packages_ignore=None, packages_ignore_regex=None, paths=None, packages_up_to=None, packages_up_to_regex=None, packages_above=None, packages_above_and_dependencies=None, packages_above_depth=None, packages_select_by_dep=None, packages_skip_by_dep=None, packages_skip_up_to=None, packages_select_build_failed=False, packages_skip_build_finished=False, packages_select_test_failures=False, packages_skip_test_passed=False, packages_select=None, packages_skip=None, packages_select_regex=None, packages_skip_regex=None, packages_start=None, packages_end=None, allow_overriding=[], cmake_args=None, cmake_target=None, cmake_target_skip_unavailable=False, cmake_clean_cache=False, cmake_clean_first=False, cmake_force_configure=False, ament_cmake_args=None, catkin_cmake_args=None, catkin_skip_building_tests=False, verb_parser=<colcon_defaults.argument_parser.defaults.DefaultArgumentsDecorator object at 0xffff9fef9780>, verb_extension=<colcon_core.verb.build.BuildVerb object at 0xffffa00b2e30>, main=<bound method BuildVerb.main of <colcon_core.verb.build.BuildVerb object at 0xffffa00b2e30>>)
[13.290s] Level 1:colcon.colcon_core.package_discovery:discover_packages(colcon_meta) check parameters
[13.291s] Level 1:colcon.colcon_core.package_discovery:discover_packages(recursive) check parameters
[13.291s] Level 1:colcon.colcon_core.package_discovery:discover_packages(ignore) check parameters
[13.291s] Level 1:colcon.colcon_core.package_discovery:discover_packages(path) check parameters
[13.292s] Level 1:colcon.colcon_core.package_discovery:discover_packages(colcon_meta) discover
[13.292s] Level 1:colcon.colcon_core.package_discovery:discover_packages(recursive) discover
[13.293s] INFO:colcon.colcon_core.package_discovery:Crawling recursively for packages in '/home/rpi/ros2_ws/wvu_blimps_ros2_src/launch'
[13.294s] Level 1:colcon.colcon_core.package_identification:_identify(.) by extensions ['ignore', 'ignore_ament_install']
[13.295s] Level 1:colcon.colcon_core.package_identification:_identify(.) by extension 'ignore'
[13.295s] Level 1:colcon.colcon_core.package_identification:_identify(.) by extension 'ignore_ament_install'
[13.296s] Level 1:colcon.colcon_core.package_identification:_identify(.) by extensions ['colcon_pkg']
[13.297s] Level 1:colcon.colcon_core.package_identification:_identify(.) by extension 'colcon_pkg'
[13.297s] Level 1:colcon.colcon_core.package_identification:_identify(.) by extensions ['colcon_meta']
[13.298s] Level 1:colcon.colcon_core.package_identification:_identify(.) by extension 'colcon_meta'
[13.298s] Level 1:colcon.colcon_core.package_identification:_identify(.) by extensions ['ros']
[13.298s] Level 1:colcon.colcon_core.package_identification:_identify(.) by extension 'ros'
[13.461s] Level 1:colcon.colcon_core.package_identification:_identify(.) by extensions ['cmake', 'python']
[13.462s] Level 1:colcon.colcon_core.package_identification:_identify(.) by extension 'cmake'
[13.462s] Level 1:colcon.colcon_core.package_identification:_identify(.) by extension 'python'
[13.463s] Level 1:colcon.colcon_core.package_identification:_identify(.) by extensions ['python_setup_py']
[13.463s] Level 1:colcon.colcon_core.package_identification:_identify(.) by extension 'python_setup_py'
[13.466s] Level 1:colcon.colcon_core.package_identification:_identify(__pycache__) by extensions ['ignore', 'ignore_ament_install']
[13.467s] Level 1:colcon.colcon_core.package_identification:_identify(__pycache__) by extension 'ignore'
[13.467s] Level 1:colcon.colcon_core.package_identification:_identify(__pycache__) by extension 'ignore_ament_install'
[13.468s] Level 1:colcon.colcon_core.package_identification:_identify(__pycache__) by extensions ['colcon_pkg']
[13.468s] Level 1:colcon.colcon_core.package_identification:_identify(__pycache__) by extension 'colcon_pkg'
[13.469s] Level 1:colcon.colcon_core.package_identification:_identify(__pycache__) by extensions ['colcon_meta']
[13.469s] Level 1:colcon.colcon_core.package_identification:_identify(__pycache__) by extension 'colcon_meta'
[13.470s] Level 1:colcon.colcon_core.package_identification:_identify(__pycache__) by extensions ['ros']
[13.470s] Level 1:colcon.colcon_core.package_identification:_identify(__pycache__) by extension 'ros'
[13.471s] Level 1:colcon.colcon_core.package_identification:_identify(__pycache__) by extensions ['cmake', 'python']
[13.472s] Level 1:colcon.colcon_core.package_identification:_identify(__pycache__) by extension 'cmake'
[13.472s] Level 1:colcon.colcon_core.package_identification:_identify(__pycache__) by extension 'python'
[13.473s] Level 1:colcon.colcon_core.package_identification:_identify(__pycache__) by extensions ['python_setup_py']
[13.473s] Level 1:colcon.colcon_core.package_identification:_identify(__pycache__) by extension 'python_setup_py'
[13.474s] Level 1:colcon.colcon_core.package_identification:_identify(build) by extensions ['ignore', 'ignore_ament_install']
[13.475s] Level 1:colcon.colcon_core.package_identification:_identify(build) by extension 'ignore'
[13.476s] Level 1:colcon.colcon_core.package_identification:_identify(build) ignored
[13.477s] Level 1:colcon.colcon_core.package_identification:_identify(install) by extensions ['ignore', 'ignore_ament_install']
[13.478s] Level 1:colcon.colcon_core.package_identification:_identify(install) by extension 'ignore'
[13.478s] Level 1:colcon.colcon_core.package_identification:_identify(install) ignored
[13.480s] Level 1:colcon.colcon_core.package_identification:_identify(log) by extensions ['ignore', 'ignore_ament_install']
[13.480s] Level 1:colcon.colcon_core.package_identification:_identify(log) by extension 'ignore'
[13.481s] Level 1:colcon.colcon_core.package_identification:_identify(log) ignored
[13.481s] Level 1:colcon.colcon_core.package_discovery:discover_packages(recursive) using defaults
[13.482s] Level 1:colcon.colcon_core.package_discovery:discover_packages(ignore) discover
[13.482s] Level 1:colcon.colcon_core.package_discovery:discover_packages(ignore) using defaults
[13.482s] Level 1:colcon.colcon_core.package_discovery:discover_packages(path) discover
[13.483s] Level 1:colcon.colcon_core.package_discovery:discover_packages(path) using defaults
[14.524s] Level 1:colcon.colcon_core.package_discovery:discover_packages(prefix_path) check parameters
[14.525s] Level 1:colcon.colcon_core.package_discovery:discover_packages(prefix_path) discover
[14.878s] DEBUG:colcon.colcon_installed_package_information.package_discovery:Found 4 installed packages in /home/rpi/ros2_ws/install
[15.050s] DEBUG:colcon.colcon_installed_package_information.package_discovery:Found 188 installed packages in /opt/ros/humble
[15.062s] Level 1:colcon.colcon_core.package_discovery:discover_packages(prefix_path) using defaults
[15.932s] INFO:colcon.colcon_core.executor:Executing jobs using 'parallel' executor
[16.097s] DEBUG:colcon.colcon_parallel_executor.executor.parallel:run_until_complete
[16.113s] DEBUG:colcon.colcon_parallel_executor.executor.parallel:closing loop
[16.115s] DEBUG:colcon.colcon_parallel_executor.executor.parallel:loop closed
[16.115s] DEBUG:colcon.colcon_parallel_executor.executor.parallel:run_until_complete finished with '0'
[16.116s] DEBUG:colcon.colcon_core.event_reactor:joining thread
[16.390s] INFO:colcon.colcon_core.plugin_system:Skipping extension 'colcon_notification.desktop_notification.notify_send': Could not find 'notify-send'
[16.391s] INFO:colcon.colcon_core.plugin_system:Skipping extension 'colcon_notification.desktop_notification.terminal_notifier': Not used on non-Darwin systems
[16.392s] INFO:colcon.colcon_core.plugin_system:Skipping extension 'colcon_notification.desktop_notification.win32': Not used on non-Windows systems
[16.393s] INFO:colcon.colcon_notification.desktop_notification:Sending desktop notification using 'notify2'
[16.402s] DEBUG:colcon.colcon_notification.desktop_notification.notify2:Failed to initialize notify2: org.freedesktop.DBus.Error.ServiceUnknown: The name org.freedesktop.Notifications was not provided by any .service files
[16.403s] DEBUG:colcon.colcon_core.event_reactor:joined thread
[16.605s] INFO:colcon.colcon_core.plugin_system:Skipping extension 'colcon_core.shell.bat': Not used on non-Windows systems
[16.608s] INFO:colcon.colcon_core.shell:Creating prefix script '/home/rpi/ros2_ws/wvu_blimps_ros2_src/launch/install/local_setup.ps1'
[16.621s] INFO:colcon.colcon_core.shell:Creating prefix util module '/home/rpi/ros2_ws/wvu_blimps_ros2_src/launch/install/_local_setup_util_ps1.py'
[16.637s] INFO:colcon.colcon_core.shell:Creating prefix chain script '/home/rpi/ros2_ws/wvu_blimps_ros2_src/launch/install/setup.ps1'
[16.809s] INFO:colcon.colcon_core.shell:Creating prefix script '/home/rpi/ros2_ws/wvu_blimps_ros2_src/launch/install/local_setup.sh'
[16.816s] INFO:colcon.colcon_core.shell:Creating prefix util module '/home/rpi/ros2_ws/wvu_blimps_ros2_src/launch/install/_local_setup_util_sh.py'
[16.820s] INFO:colcon.colcon_core.shell:Creating prefix chain script '/home/rpi/ros2_ws/wvu_blimps_ros2_src/launch/install/setup.sh'
[16.990s] INFO:colcon.colcon_core.shell:Creating prefix script '/home/rpi/ros2_ws/wvu_blimps_ros2_src/launch/install/local_setup.bash'
[16.998s] INFO:colcon.colcon_core.shell:Creating prefix chain script '/home/rpi/ros2_ws/wvu_blimps_ros2_src/launch/install/setup.bash'
[17.168s] INFO:colcon.colcon_core.shell:Creating prefix script '/home/rpi/ros2_ws/wvu_blimps_ros2_src/launch/install/local_setup.zsh'
[17.175s] INFO:colcon.colcon_core.shell:Creating prefix chain script '/home/rpi/ros2_ws/wvu_blimps_ros2_src/launch/install/setup.zsh'
